<?xml version="1.0" encoding="UTF-8"?>
<testsuite xmlns:xsi="http://www.w3.org/2001/XMLSchema-instance" xsi:noNamespaceSchemaLocation="https://maven.apache.org/surefire/maven-surefire-plugin/xsd/surefire-test-report-3.0.xsd" version="3.0" name="TestSuite" time="78.539" tests="4" errors="0" skipped="0" failures="0">
  <properties>
    <property name="sun.desktop" value="windows"/>
    <property name="awt.toolkit" value="sun.awt.windows.WToolkit"/>
    <property name="file.encoding.pkg" value="sun.io"/>
    <property name="java.specification.version" value="1.8"/>
    <property name="webdriver.chrome.driver" value="C:\Work\Selenium\chromedriver.exe"/>
    <property name="sun.cpu.isalist" value="amd64"/>
    <property name="sun.jnu.encoding" value="Cp1252"/>
    <property name="java.class.path" value="C:\Users\SWAMI COOL\eclipse-workspace\E2EProject\target\test-classes;C:\Users\SWAMI COOL\eclipse-workspace\E2EProject\target\classes;C:\Users\SWAMI COOL\.m2\repository\junit\junit\4.11\junit-4.11.jar;C:\Users\SWAMI COOL\.m2\repository\org\hamcrest\hamcrest-core\1.3\hamcrest-core-1.3.jar;C:\Users\SWAMI COOL\.m2\repository\org\seleniumhq\selenium\selenium-java\3.141.59\selenium-java-3.141.59.jar;C:\Users\SWAMI COOL\.m2\repository\org\seleniumhq\selenium\selenium-api\3.141.59\selenium-api-3.141.59.jar;C:\Users\SWAMI COOL\.m2\repository\org\seleniumhq\selenium\selenium-chrome-driver\3.141.59\selenium-chrome-driver-3.141.59.jar;C:\Users\SWAMI COOL\.m2\repository\org\seleniumhq\selenium\selenium-edge-driver\3.141.59\selenium-edge-driver-3.141.59.jar;C:\Users\SWAMI COOL\.m2\repository\org\seleniumhq\selenium\selenium-firefox-driver\3.141.59\selenium-firefox-driver-3.141.59.jar;C:\Users\SWAMI COOL\.m2\repository\org\seleniumhq\selenium\selenium-ie-driver\3.141.59\selenium-ie-driver-3.141.59.jar;C:\Users\SWAMI COOL\.m2\repository\org\seleniumhq\selenium\selenium-opera-driver\3.141.59\selenium-opera-driver-3.141.59.jar;C:\Users\SWAMI COOL\.m2\repository\org\seleniumhq\selenium\selenium-remote-driver\3.141.59\selenium-remote-driver-3.141.59.jar;C:\Users\SWAMI COOL\.m2\repository\org\seleniumhq\selenium\selenium-safari-driver\3.141.59\selenium-safari-driver-3.141.59.jar;C:\Users\SWAMI COOL\.m2\repository\org\seleniumhq\selenium\selenium-support\3.141.59\selenium-support-3.141.59.jar;C:\Users\SWAMI COOL\.m2\repository\net\bytebuddy\byte-buddy\1.8.15\byte-buddy-1.8.15.jar;C:\Users\SWAMI COOL\.m2\repository\org\apache\commons\commons-exec\1.3\commons-exec-1.3.jar;C:\Users\SWAMI COOL\.m2\repository\com\google\guava\guava\25.0-jre\guava-25.0-jre.jar;C:\Users\SWAMI COOL\.m2\repository\com\google\code\findbugs\jsr305\1.3.9\jsr305-1.3.9.jar;C:\Users\SWAMI COOL\.m2\repository\org\checkerframework\checker-compat-qual\2.0.0\checker-compat-qual-2.0.0.jar;C:\Users\SWAMI COOL\.m2\repository\com\google\errorprone\error_prone_annotations\2.1.3\error_prone_annotations-2.1.3.jar;C:\Users\SWAMI COOL\.m2\repository\com\google\j2objc\j2objc-annotations\1.1\j2objc-annotations-1.1.jar;C:\Users\SWAMI COOL\.m2\repository\org\codehaus\mojo\animal-sniffer-annotations\1.14\animal-sniffer-annotations-1.14.jar;C:\Users\SWAMI COOL\.m2\repository\com\squareup\okhttp3\okhttp\3.11.0\okhttp-3.11.0.jar;C:\Users\SWAMI COOL\.m2\repository\com\squareup\okio\okio\1.14.0\okio-1.14.0.jar;C:\Users\SWAMI COOL\.m2\repository\org\testng\testng\7.3.0\testng-7.3.0.jar;C:\Users\SWAMI COOL\.m2\repository\com\beust\jcommander\1.78\jcommander-1.78.jar;C:\Users\SWAMI COOL\.m2\repository\org\apache\ant\ant\1.10.3\ant-1.10.3.jar;C:\Users\SWAMI COOL\.m2\repository\org\apache\ant\ant-launcher\1.10.3\ant-launcher-1.10.3.jar;C:\Users\SWAMI COOL\.m2\repository\com\google\inject\guice\4.2.2\guice-4.2.2-no_aop.jar;C:\Users\SWAMI COOL\.m2\repository\javax\inject\javax.inject\1\javax.inject-1.jar;C:\Users\SWAMI COOL\.m2\repository\aopalliance\aopalliance\1.0\aopalliance-1.0.jar;C:\Users\SWAMI COOL\.m2\repository\org\yaml\snakeyaml\1.21\snakeyaml-1.21.jar;C:\Users\SWAMI COOL\.m2\repository\org\apache\logging\log4j\log4j-api\2.4\log4j-api-2.4.jar;C:\Users\SWAMI COOL\.m2\repository\org\apache\logging\log4j\log4j-core\2.4\log4j-core-2.4.jar;"/>
    <property name="java.vm.vendor" value="Oracle Corporation"/>
    <property name="sun.arch.data.model" value="64"/>
    <property name="user.variant" value=""/>
    <property name="java.vendor.url" value="http://java.oracle.com/"/>
    <property name="user.timezone" value="Asia/Calcutta"/>
    <property name="java.vm.specification.version" value="1.8"/>
    <property name="os.name" value="Windows 10"/>
    <property name="user.country" value="US"/>
    <property name="sun.java.launcher" value="SUN_STANDARD"/>
    <property name="sun.boot.library.path" value="C:\Program Files\Java\jdk1.8.0_241\jre\bin"/>
    <property name="sun.java.command" value="C:\Users\SWAMI COOL\AppData\Local\Temp\surefire8288291387782542212\surefirebooter3329501833319929783.jar C:\Users\SWAMI COOL\AppData\Local\Temp\surefire8288291387782542212 2020-10-06T15-54-21_412-jvmRun1 surefire3959951249045889418tmp surefire_08304830718104226429tmp"/>
    <property name="surefire.test.class.path" value="C:\Users\SWAMI COOL\eclipse-workspace\E2EProject\target\test-classes;C:\Users\SWAMI COOL\eclipse-workspace\E2EProject\target\classes;C:\Users\SWAMI COOL\.m2\repository\junit\junit\4.11\junit-4.11.jar;C:\Users\SWAMI COOL\.m2\repository\org\hamcrest\hamcrest-core\1.3\hamcrest-core-1.3.jar;C:\Users\SWAMI COOL\.m2\repository\org\seleniumhq\selenium\selenium-java\3.141.59\selenium-java-3.141.59.jar;C:\Users\SWAMI COOL\.m2\repository\org\seleniumhq\selenium\selenium-api\3.141.59\selenium-api-3.141.59.jar;C:\Users\SWAMI COOL\.m2\repository\org\seleniumhq\selenium\selenium-chrome-driver\3.141.59\selenium-chrome-driver-3.141.59.jar;C:\Users\SWAMI COOL\.m2\repository\org\seleniumhq\selenium\selenium-edge-driver\3.141.59\selenium-edge-driver-3.141.59.jar;C:\Users\SWAMI COOL\.m2\repository\org\seleniumhq\selenium\selenium-firefox-driver\3.141.59\selenium-firefox-driver-3.141.59.jar;C:\Users\SWAMI COOL\.m2\repository\org\seleniumhq\selenium\selenium-ie-driver\3.141.59\selenium-ie-driver-3.141.59.jar;C:\Users\SWAMI COOL\.m2\repository\org\seleniumhq\selenium\selenium-opera-driver\3.141.59\selenium-opera-driver-3.141.59.jar;C:\Users\SWAMI COOL\.m2\repository\org\seleniumhq\selenium\selenium-remote-driver\3.141.59\selenium-remote-driver-3.141.59.jar;C:\Users\SWAMI COOL\.m2\repository\org\seleniumhq\selenium\selenium-safari-driver\3.141.59\selenium-safari-driver-3.141.59.jar;C:\Users\SWAMI COOL\.m2\repository\org\seleniumhq\selenium\selenium-support\3.141.59\selenium-support-3.141.59.jar;C:\Users\SWAMI COOL\.m2\repository\net\bytebuddy\byte-buddy\1.8.15\byte-buddy-1.8.15.jar;C:\Users\SWAMI COOL\.m2\repository\org\apache\commons\commons-exec\1.3\commons-exec-1.3.jar;C:\Users\SWAMI COOL\.m2\repository\com\google\guava\guava\25.0-jre\guava-25.0-jre.jar;C:\Users\SWAMI COOL\.m2\repository\com\google\code\findbugs\jsr305\1.3.9\jsr305-1.3.9.jar;C:\Users\SWAMI COOL\.m2\repository\org\checkerframework\checker-compat-qual\2.0.0\checker-compat-qual-2.0.0.jar;C:\Users\SWAMI COOL\.m2\repository\com\google\errorprone\error_prone_annotations\2.1.3\error_prone_annotations-2.1.3.jar;C:\Users\SWAMI COOL\.m2\repository\com\google\j2objc\j2objc-annotations\1.1\j2objc-annotations-1.1.jar;C:\Users\SWAMI COOL\.m2\repository\org\codehaus\mojo\animal-sniffer-annotations\1.14\animal-sniffer-annotations-1.14.jar;C:\Users\SWAMI COOL\.m2\repository\com\squareup\okhttp3\okhttp\3.11.0\okhttp-3.11.0.jar;C:\Users\SWAMI COOL\.m2\repository\com\squareup\okio\okio\1.14.0\okio-1.14.0.jar;C:\Users\SWAMI COOL\.m2\repository\org\testng\testng\7.3.0\testng-7.3.0.jar;C:\Users\SWAMI COOL\.m2\repository\com\beust\jcommander\1.78\jcommander-1.78.jar;C:\Users\SWAMI COOL\.m2\repository\org\apache\ant\ant\1.10.3\ant-1.10.3.jar;C:\Users\SWAMI COOL\.m2\repository\org\apache\ant\ant-launcher\1.10.3\ant-launcher-1.10.3.jar;C:\Users\SWAMI COOL\.m2\repository\com\google\inject\guice\4.2.2\guice-4.2.2-no_aop.jar;C:\Users\SWAMI COOL\.m2\repository\javax\inject\javax.inject\1\javax.inject-1.jar;C:\Users\SWAMI COOL\.m2\repository\aopalliance\aopalliance\1.0\aopalliance-1.0.jar;C:\Users\SWAMI COOL\.m2\repository\org\yaml\snakeyaml\1.21\snakeyaml-1.21.jar;C:\Users\SWAMI COOL\.m2\repository\org\apache\logging\log4j\log4j-api\2.4\log4j-api-2.4.jar;C:\Users\SWAMI COOL\.m2\repository\org\apache\logging\log4j\log4j-core\2.4\log4j-core-2.4.jar;"/>
    <property name="sun.cpu.endian" value="little"/>
    <property name="user.home" value="C:\Users\SWAMI COOL"/>
    <property name="user.language" value="en"/>
    <property name="java.specification.vendor" value="Oracle Corporation"/>
    <property name="java.home" value="C:\Program Files\Java\jdk1.8.0_241\jre"/>
    <property name="basedir" value="C:\Users\SWAMI COOL\eclipse-workspace\E2EProject"/>
    <property name="file.separator" value="\"/>
    <property name="line.separator" value="&#10;"/>
    <property name="java.vm.specification.vendor" value="Oracle Corporation"/>
    <property name="java.specification.name" value="Java Platform API Specification"/>
    <property name="java.awt.graphicsenv" value="sun.awt.Win32GraphicsEnvironment"/>
    <property name="surefire.real.class.path" value="C:\Users\SWAMI COOL\AppData\Local\Temp\surefire8288291387782542212\surefirebooter3329501833319929783.jar"/>
    <property name="sun.boot.class.path" value="C:\Program Files\Java\jdk1.8.0_241\jre\lib\resources.jar;C:\Program Files\Java\jdk1.8.0_241\jre\lib\rt.jar;C:\Program Files\Java\jdk1.8.0_241\jre\lib\sunrsasign.jar;C:\Program Files\Java\jdk1.8.0_241\jre\lib\jsse.jar;C:\Program Files\Java\jdk1.8.0_241\jre\lib\jce.jar;C:\Program Files\Java\jdk1.8.0_241\jre\lib\charsets.jar;C:\Program Files\Java\jdk1.8.0_241\jre\lib\jfr.jar;C:\Program Files\Java\jdk1.8.0_241\jre\classes"/>
    <property name="user.script" value=""/>
    <property name="sun.management.compiler" value="HotSpot 64-Bit Tiered Compilers"/>
    <property name="java.runtime.version" value="1.8.0_241-b07"/>
    <property name="user.name" value="SWAMI COOL"/>
    <property name="path.separator" value=";"/>
    <property name="os.version" value="10.0"/>
    <property name="java.endorsed.dirs" value="C:\Program Files\Java\jdk1.8.0_241\jre\lib\endorsed"/>
    <property name="java.runtime.name" value="Java(TM) SE Runtime Environment"/>
    <property name="file.encoding" value="Cp1252"/>
    <property name="java.vm.name" value="Java HotSpot(TM) 64-Bit Server VM"/>
    <property name="localRepository" value="C:\Users\SWAMI COOL\.m2\repository"/>
    <property name="java.vendor.url.bug" value="http://bugreport.sun.com/bugreport/"/>
    <property name="java.io.tmpdir" value="C:\Users\SWAMIC~1\AppData\Local\Temp\"/>
    <property name="java.version" value="1.8.0_241"/>
    <property name="user.dir" value="C:\Users\SWAMI COOL\eclipse-workspace\E2EProject"/>
    <property name="os.arch" value="amd64"/>
    <property name="java.vm.specification.name" value="Java Virtual Machine Specification"/>
    <property name="java.awt.printerjob" value="sun.awt.windows.WPrinterJob"/>
    <property name="sun.os.patch.level" value=""/>
    <property name="java.library.path" value="C:\Program Files\Java\jdk1.8.0_241\jre\bin;C:\WINDOWS\Sun\Java\bin;C:\WINDOWS\system32;C:\WINDOWS;C:\Program Files (x86)\Common Files\Oracle\Java\javapath;C:\oraclexe\app\oracle\product\10.2.0\server\bin;C:\WINDOWS\system32;C:\WINDOWS;C:\WINDOWS\System32\Wbem;C:\WINDOWS\System32\WindowsPowerShell\v1.0\;C:\oraclexe\ojdbc14.jar;C:\Program Files (x86)\Apache Software Foundation\Apache Tomcat 8.0.3\bin;C:\Program Files\Java\jdk1.8.0_241;C:\Program Files\Java\jre1.8.0_241;E:\COURSES\Selenium;C:\Work\apache-maven-3.6.3\bin;C:\Users\SWAMI COOL\AppData\Local\Programs\Python\Python37-32\Scripts\;C:\Users\SWAMI COOL\AppData\Local\Programs\Python\Python37-32\;C:\Users\SWAMI COOL\AppData\Local\Microsoft\WindowsApps;C:\Program Files\JetBrains\PyCharm Community Edition 2019.1.2\bin;;C:\Program Files\Java\jre1.8.0_241\bin;C:\Program Files\Java\jdk1.8.0_241\bin;E:\COURSES\Selenium;C:\Users;;."/>
    <property name="java.vm.info" value="mixed mode"/>
    <property name="java.vendor" value="Oracle Corporation"/>
    <property name="java.vm.version" value="25.241-b07"/>
    <property name="java.ext.dirs" value="C:\Program Files\Java\jdk1.8.0_241\jre\lib\ext;C:\WINDOWS\Sun\Java\lib\ext"/>
    <property name="sun.io.unicode.encoding" value="UnicodeLittle"/>
    <property name="java.class.version" value="52.0"/>
  </properties>
  <testcase name="basePageNavigation" classname="Acadamy.ValidateNavigationBar" time="1.844">
    <system-err><![CDATA[ERROR StatusLogger No log4j2 configuration file found. Using default configuration: logging only errors to the console.
Starting ChromeDriver 85.0.4183.87 (cd6713ebf92fa1cacc0fS1taa5r9t8idnfg28 0C09h3rafo0mc5ed7D-rriefvs/ebrran c8h-h5e.ad0s./44118833@{.#81678 9(})c odn 6p7or1t3 2e5b09f592f
aO1nclayc lco0cfa1la 5c9o8ndnfe2c8t0i0on9s3a far0ce 5dal7l-roewfeds/.bra
nPcleh-ashee adses/41e8 3ht@t{p#s1:6/8/9c})h roonm epdorrti 2v5e0r5.c
SOhtnralorym tiliouncmg.a olC rhgcr/oonsmeneecDucrrtiiivtoeynrs- c 8ao5nr.se0i .da4le1lr83oa.wt8ei7do n.(sc 
dfP6lo7er1 a3essbuef g9sg2eefesat 1ihcottanpcssc0 :f1/oan/5 9c8khderfeo2mp8ie0n0dgr9 Ci3havroefmr0e.cDc5rhdivr7er-o rmsieauffsm/.beor.argn
/cshec-uhreiatdys/-4c1o8n3@s{i#d16e89r}a)t ioonn spo frot r1 1s6u8g7ge
sOtnilyo nlso coanl  ckoenenepcitnigo nCs harroe maelDlrowievde.r 
sPlaefaese. s
ee https://chromedriver.chromium.org/security-considerations for suggestions on keeping ChromeDriver safe.
CChrhoCrmhoremoDemrDeriDivrverei rvw ewaras  sw sastsat arsrttteade dsr ustuceccdecs essusfcuclelys.s
fsufulllyly..

Oct 06, 2020 3:54:51 PM org.openqa.selenium.remote.ProtocolHandshake createSession
INFO: Detected dialect: W3C
Oct 06, 2020 3:54:51 PM org.openqa.selenium.remote.ProtocolHandshake createSession
INFO: Detected dialect: W3C
Oct 06, 2020 3:54:51 PM org.openqa.selenium.remote.ProtocolHandshake createSession
INFO: Detected dialect: W3C
]]></system-err>
  </testcase>
  <testcase name="basePageNavigation" classname="Acadamy.ValidateTitle" time="2.383"/>
  <testcase name="basePageNavigation[nonristricted@qk.com, 2345, Non Ristrickted User](1)" classname="Acadamy.HomePage" time="11.577">
    <system-out><![CDATA[Non Ristrickted User
]]></system-out>
  </testcase>
  <testcase name="basePageNavigation[nonrestricted@qk.com, 2345, Restricted User](2)" classname="Acadamy.HomePage" time="4.912">
    <system-out><![CDATA[Restricted User
]]></system-out>
  </testcase>
</testsuite>