<?xml version="1.0" encoding="UTF-8"?>
<!-- Generated by org.testng.reporters.JUnitReportReporter -->
<testsuite skipped="0" hostname="SWAMI-COOL" name="Acadamy.HomePage" tests="2" failures="0" timestamp="2020-10-10T12:32:19 IST" time="33.676" errors="0">
  <testcase name="baseHomePage" time="28.161" classname="Acadamy.HomePage"/>
  <system-out/>
  <testcase name="baseHomePage" time="5.515" classname="Acadamy.HomePage"/>
  <system-out/>
</testsuite> <!-- Acadamy.HomePage -->
