<?xml version="1.0" encoding="UTF-8"?>
<!-- Generated by org.testng.reporters.JUnitReportReporter -->
<testsuite skipped="0" hostname="SWAMI-COOL" name="Acadamy.ValidateNavigationBar" tests="1" failures="0" timestamp="2020-10-10T12:32:19 IST" time="1.562" errors="0">
  <testcase name="navigationBR" time="1.562" classname="Acadamy.ValidateNavigationBar"/>
  <system-out/>
</testsuite> <!-- Acadamy.ValidateNavigationBar -->
