<?xml version="1.0" encoding="UTF-8"?>
<!-- Generated by org.testng.reporters.JUnitReportReporter -->
<testsuite skipped="0" hostname="SWAMI-COOL" name="Acadamy.ValidateNavigationBar" tests="1" failures="0" timestamp="2020-10-06T15:55:40 IST" time="8.807" errors="0">
  <testcase name="basePageNavigation" time="8.807" classname="Acadamy.ValidateNavigationBar"/>
  <system-out/>
</testsuite> <!-- Acadamy.ValidateNavigationBar -->
