<?xml version="1.0" encoding="UTF-8"?>
<!-- Generated by org.testng.reporters.JUnitReportReporter -->
<testsuite skipped="0" hostname="SWAMI-COOL" name="Acadamy.ValidateTitle" tests="1" failures="0" timestamp="2020-10-06T15:55:40 IST" time="2.379" errors="0">
  <testcase name="basePageNavigation" time="2.379" classname="Acadamy.ValidateTitle"/>
  <system-out/>
</testsuite> <!-- Acadamy.ValidateTitle -->
